FCommThread.TestReceive(ENQ);
FCommThread.TestReceive(STX+'1H|\^&|||1^Analyzer 1^7.0|||||||P||20211102234318'+CR+LF+ETX+'DC');
FCommThread.TestReceive(STX+'2P|1|435018|||435018||||||||||||||||||||||||||||'+CR+LF+ETX+'29');
FCommThread.TestReceive(STX+'3O|1|435018^0.0^3^9||^^^UREA^0.0|R||||||X||||1|||||||||1|F'+CR+LF+ETX+'AD');
FCommThread.TestReceive(STX+'4R|1|^^^UREA^0.0|40.0|mg/dl||N||F\R||Automatic||20211102135107|Analyzer 1'+CR+LF+ETX+'15');
FCommThread.TestReceive(STX+'5O|2|435018^0.0^3^9||^^^CHOL^0.0|R||||||X||||1|||||||||1|F'+CR+LF+ETX+'A9');
FCommThread.TestReceive(STX+'6R|1|^^^CHOL^0.0|123.0|mg/dl||N||F\R||Automatic||20211102134834|Analyzer 1'+CR+LF+ETX+'48');
FCommThread.TestReceive(STX+'7O|3|435018^0.0^3^9||^^^ALT^0.0|R||||||X||||1|||||||||1|F'+CR+LF+ETX+'67');
FCommThread.TestReceive(STX+'0R|1|^^^ALT^0.0|22|U/l||N||F\R||Automatic||20211102135305|Analyzer 1'+CR+LF+ETX+'84');
FCommThread.TestReceive(STX+'1O|4|435018^0.0^3^9||^^^AST^0.0|R||||||X||||1|||||||||1|F'+CR+LF+ETX+'69');
FCommThread.TestReceive(STX+'2R|1|^^^AST^0.0|17|U/l||N||F\R||Automatic||20211102135313|Analyzer 1'+CR+LF+ETX+'90');
FCommThread.TestReceive(STX+'3O|5|435018^0.0^3^9||^^^CREA^0.0|R||||||X||||1|||||||||1|F'+CR+LF+ETX+'9F');
FCommThread.TestReceive(STX+'4R|1|^^^CREA^0.0|0.70|mg/dl||N||F\R||Automatic||20211102135143|Analyzer 1'+CR+LF+ETX+'06');
FCommThread.TestReceive(STX+'5O|6|435018^0.0^3^9||^^^TRIG^0.0|S||||||X||||1|||||||||1|F'+CR+LF+ETX+'BE');
FCommThread.TestReceive(STX+'6R|1|^^^TRIG^0.0|60.92|mg/dl||N||F\R||Automatic||20211102134852|Analyzer 1'+CR+LF+ETX+'63');
FCommThread.TestReceive(STX+'7O|7|435018^0.0^3^9||^^^HDLC^0.0|R||||||X||||1|||||||||1|F'+CR+LF+ETX+'A5');
FCommThread.TestReceive(STX+'0R|1|^^^HDLC^0.0|40.10|mg/dl||N||F\R||Automatic||20211102135247|Analyzer 1'+CR+LF+ETX+'35');
FCommThread.TestReceive(STX+'1O|8|435018^0.0^3^9||^^^TBIL^0.0|R||||||X||||1|||||||||1|F'+CR+LF+ETX+'B0');
FCommThread.TestReceive(STX+'2R|1|^^^TBIL^0.0|0.94|mg/dl||N||F\R||Automatic||20211102135022|Analyzer 1'+CR+LF+ETX+'16');
FCommThread.TestReceive(STX+'3O|9|435018^0.0^3^9||^^^DBIL^0.0|R||||||X||||1|||||||||1|F'+CR+LF+ETX+'A3');
FCommThread.TestReceive(STX+'4R|1|^^^DBIL^0.0|0.01|mg/dl||N||F\R||Dealer||20211102135246|Analyzer 1'+CR+LF+ETX+'AA');
FCommThread.TestReceive(STX+'5C|1|I|20 Test limit low|I'+CR+LF+ETX+'0E');
FCommThread.TestReceive(STX+'6O|10|435018^0.0^3^9||^^^URAC^0.0|R||||||X||||1|||||||||1|F'+CR+LF+ETX+'DE');
FCommThread.TestReceive(STX+'7R|1|^^^URAC^0.0|4.95|mg/dl||N||F\R||Automatic||20211102134946|Analyzer 1'+CR+LF+ETX+'2E');
FCommThread.TestReceive(STX+'0O|11|435018^0.0^3^9||^^^GGT^0.0|R||||||X||||1|||||||||1|F'+CR+LF+ETX+'90');
FCommThread.TestReceive(STX+'1R|1|^^^GGT^0.0|28|U/l||N||F\R||Automatic||20211102135228|Analyzer 1'+CR+LF+ETX+'90');
FCommThread.TestReceive(STX+'2O|12|435018^0.0^3^9||^^^AMY^0.0|R||||||X||||1|||||||||1|F'+CR+LF+ETX+'98');
FCommThread.TestReceive(STX+'3R|1|^^^AMY^0.0|5|U/l||N||F\R||Dealer||20211102135332|Analyzer 1'+CR+LF+ETX+'04');
FCommThread.TestReceive(STX+'4C|1|I|20 Test limit low|I'+CR+LF+ETX+'0D');
FCommThread.TestReceive(STX+'5O|13|435018^0.0^3^9||^^^ALP^0.0|R||||||X||||1|||||||||1|F'+CR+LF+ETX+'92');
FCommThread.TestReceive(STX+'6R|1|^^^ALP^0.0|100|U/l||N||F\R||Automatic||20211102135135|Analyzer 1'+CR+LF+ETX+'B4');
FCommThread.TestReceive(STX+'7O|14|435018^0.0^3^9||^^^GLUC^0.0|R||||||X||||1|||||||||1|F'+CR+LF+ETX+'E3');
FCommThread.TestReceive(STX+'0R|1|^^^GLUC^0.0|87.8|mg/dl||N||F\R||Automatic||20211102135004|Analyzer 1'+CR+LF+ETX+'1E');
FCommThread.TestReceive(STX+'1O|15|435018^0.0^3^9||^^^AMY^0.0|R||||||X||||1|||||||||1|F'+CR+LF+ETX+'9A');
FCommThread.TestReceive(STX+'2R|1|^^^AMY^0.0|5|U/l||N||F\R||Dealer||20211102173307|Analyzer 1'+CR+LF+ETX+'07');
FCommThread.TestReceive(STX+'3C|1|I|20 Test limit low|I'+CR+LF+ETX+'0C');
FCommThread.TestReceive(STX+'4L|1|N'+CR+LF+ETX+'07');
FCommThread.TestReceive(EOT);
